java.io.IOException: Cannot run program "C:\Program Files\Java\jdk-17.0.12\bin\java.exe" (in directory "C:\Users\Usuario\IdeaProjects\taller 4"): CreateProcess error=2, El sistema no puede encontrar el archivo especificado
  java.base@17.0.9/java.lang.ProcessBuilder.start(ProcessBuilder.java:1143)
  java.base@17.0.9/java.lang.ProcessBuilder.start(ProcessBuilder.java:1073)
  os.proc.proc$lzyINIT1$1(ProcessOps.scala:345)
  os.proc.os$proc$$_$proc$1(ProcessOps.scala:351)
  os.proc.spawn(ProcessOps.scala:355)
  os.proc.call(ProcessOps.scala:224)
  scala.build.internal.OsLibc$.javaVersion(OsLibc.scala:78)
  scala.build.options.BuildOptions$JavaHomeInfo$.apply(BuildOptions.scala:657)
  scala.build.options.BuildOptions.javaCommand0$lzyINIT1$$anonfun$1(BuildOptions.scala:248)
  scala.build.Positioned.map(Positioned.scala:15)
  scala.build.options.BuildOptions.javaCommand0$lzyINIT1(BuildOptions.scala:248)
  scala.build.options.BuildOptions.javaCommand0(BuildOptions.scala:248)
  scala.build.options.BuildOptions.javaHome(BuildOptions.scala:256)
  scala.build.options.BuildOptions.artifacts$$anonfun$1(BuildOptions.scala:496)
  scala.build.EitherCps$Helper.apply(EitherCps.scala:19)
  scala.build.options.BuildOptions.artifacts(BuildOptions.scala:439)
  scala.cli.commands.repl.Repl$.runCommand(Repl.scala:188)
  scala.cli.commands.default.Default.runCommand(Default.scala:62)
  scala.cli.commands.default.Default.runCommand(Default.scala:40)
  scala.cli.commands.ScalaCommand.run(ScalaCommand.scala:428)
  scala.cli.commands.ScalaCommand.run(ScalaCommand.scala:392)
  caseapp.core.app.CaseApp.main(CaseApp.scala:166)
  scala.cli.commands.ScalaCommand.main(ScalaCommand.scala:377)
  caseapp.core.app.CommandsEntryPoint.main(CommandsEntryPoint.scala:370)
  scala.cli.ScalaCliCommands.main(ScalaCliCommands.scala:125)
  scala.cli.ScalaCli$.main0$$anonfun$1(ScalaCli.scala:338)
  scala.runtime.function.JProcedure1.apply(JProcedure1.java:15)
  scala.runtime.function.JProcedure1.apply(JProcedure1.java:10)
  scala.build.EitherCps$Helper.apply(EitherCps.scala:19)
  scala.cli.ScalaCli$.main0(ScalaCli.scala:239)
  scala.cli.ScalaCli$.main(ScalaCli.scala:123)
  scala.cli.ScalaCli.main(ScalaCli.scala)
java.io.IOException: CreateProcess error=2, El sistema no puede encontrar el archivo especificado
  com.oracle.svm.core.jni.functions.JNIFunctions$NewObjectWithObjectArrayArgFunctionPointer.invoke(JNIFunctions.java)
  com.oracle.svm.core.jni.functions.JNIFunctions.ThrowNew(JNIFunctions.java:889)
  java.base@17.0.9/java.lang.ProcessImpl.create(Native Method)
  java.base@17.0.9/java.lang.ProcessImpl.<init>(ProcessImpl.java:499)
  java.base@17.0.9/java.lang.ProcessImpl.start(ProcessImpl.java:158)
  java.base@17.0.9/java.lang.ProcessBuilder.start(ProcessBuilder.java:1110)
  java.base@17.0.9/java.lang.ProcessBuilder.start(ProcessBuilder.java:1073)
  os.proc.proc$lzyINIT1$1(ProcessOps.scala:345)
  os.proc.os$proc$$_$proc$1(ProcessOps.scala:351)
  os.proc.spawn(ProcessOps.scala:355)
  os.proc.call(ProcessOps.scala:224)
  scala.build.internal.OsLibc$.javaVersion(OsLibc.scala:78)
  scala.build.options.BuildOptions$JavaHomeInfo$.apply(BuildOptions.scala:657)
  scala.build.options.BuildOptions.javaCommand0$lzyINIT1$$anonfun$1(BuildOptions.scala:248)
  scala.build.Positioned.map(Positioned.scala:15)
  scala.build.options.BuildOptions.javaCommand0$lzyINIT1(BuildOptions.scala:248)
  scala.build.options.BuildOptions.javaCommand0(BuildOptions.scala:248)
  scala.build.options.BuildOptions.javaHome(BuildOptions.scala:256)
  scala.build.options.BuildOptions.artifacts$$anonfun$1(BuildOptions.scala:496)
  scala.build.EitherCps$Helper.apply(EitherCps.scala:19)
  scala.build.options.BuildOptions.artifacts(BuildOptions.scala:439)
  scala.cli.commands.repl.Repl$.runCommand(Repl.scala:188)
  scala.cli.commands.default.Default.runCommand(Default.scala:62)
  scala.cli.commands.default.Default.runCommand(Default.scala:40)
  scala.cli.commands.ScalaCommand.run(ScalaCommand.scala:428)
  scala.cli.commands.ScalaCommand.run(ScalaCommand.scala:392)
  caseapp.core.app.CaseApp.main(CaseApp.scala:166)
  scala.cli.commands.ScalaCommand.main(ScalaCommand.scala:377)
  caseapp.core.app.CommandsEntryPoint.main(CommandsEntryPoint.scala:370)
  scala.cli.ScalaCliCommands.main(ScalaCliCommands.scala:125)
  scala.cli.ScalaCli$.main0$$anonfun$1(ScalaCli.scala:338)
  scala.runtime.function.JProcedure1.apply(JProcedure1.java:15)
  scala.runtime.function.JProcedure1.apply(JProcedure1.java:10)
  scala.build.EitherCps$Helper.apply(EitherCps.scala:19)
  scala.cli.ScalaCli$.main0(ScalaCli.scala:239)
  scala.cli.ScalaCli$.main(ScalaCli.scala:123)
  scala.cli.ScalaCli.main(ScalaCli.scala)
